C:\USERS\ASHKAN\DOCUMENTS\VISUAL STUDIO 2012\PROJECTS\CS535_PROGRAM2\CS535_PROGRAM2\DEBUG\CONE.OBJ
C:\USERS\ASHKAN\DOCUMENTS\VISUAL STUDIO 2012\PROJECTS\CS535_PROGRAM2\CS535_PROGRAM2\DEBUG\CUBE.OBJ
C:\USERS\ASHKAN\DOCUMENTS\VISUAL STUDIO 2012\PROJECTS\CS535_PROGRAM2\CS535_PROGRAM2\DEBUG\CYLINDER.OBJ
C:\USERS\ASHKAN\DOCUMENTS\VISUAL STUDIO 2012\PROJECTS\CS535_PROGRAM2\CS535_PROGRAM2\DEBUG\MAIN.OBJ
C:\USERS\ASHKAN\DOCUMENTS\VISUAL STUDIO 2012\PROJECTS\CS535_PROGRAM2\CS535_PROGRAM2\DEBUG\PRIMITIVE.OBJ
C:\USERS\ASHKAN\DOCUMENTS\VISUAL STUDIO 2012\PROJECTS\CS535_PROGRAM2\CS535_PROGRAM2\DEBUG\VECTOR3D.OBJ
C:\USERS\ASHKAN\DOCUMENTS\VISUAL STUDIO 2012\PROJECTS\CS535_PROGRAM2\CS535_PROGRAM2\DEBUG\VC110.PDB
C:\USERS\ASHKAN\DOCUMENTS\VISUAL STUDIO 2012\PROJECTS\CS535_PROGRAM2\CS535_PROGRAM2\DEBUG\SPHERE.OBJ
C:\USERS\ASHKAN\DOCUMENTS\VISUAL STUDIO 2012\PROJECTS\CS535_PROGRAM2\DEBUG\CS535_PROGRAM2.ILK
C:\USERS\ASHKAN\DOCUMENTS\VISUAL STUDIO 2012\PROJECTS\CS535_PROGRAM2\DEBUG\CS535_PROGRAM2.EXE
C:\USERS\ASHKAN\DOCUMENTS\VISUAL STUDIO 2012\PROJECTS\CS535_PROGRAM2\DEBUG\CS535_PROGRAM2.PDB
C:\Users\Ashkan\Documents\Visual Studio 2012\Projects\CS535_Program2\CS535_Program2\Debug\Cone.obj
C:\Users\Ashkan\Documents\Visual Studio 2012\Projects\CS535_Program2\CS535_Program2\Debug\Cube.obj
C:\Users\Ashkan\Documents\Visual Studio 2012\Projects\CS535_Program2\CS535_Program2\Debug\Cylinder.obj
C:\Users\Ashkan\Documents\Visual Studio 2012\Projects\CS535_Program2\CS535_Program2\Debug\main.obj
C:\Users\Ashkan\Documents\Visual Studio 2012\Projects\CS535_Program2\CS535_Program2\Debug\Primitive.obj
C:\Users\Ashkan\Documents\Visual Studio 2012\Projects\CS535_Program2\CS535_Program2\Debug\Sphere.obj
C:\Users\Ashkan\Documents\Visual Studio 2012\Projects\CS535_Program2\CS535_Program2\Debug\Vector3d.obj
C:\Users\Ashkan\Documents\Visual Studio 2012\Projects\CS535_Program2\CS535_Program2\Debug\cl.command.1.tlog
C:\Users\Ashkan\Documents\Visual Studio 2012\Projects\CS535_Program2\CS535_Program2\Debug\CL.read.1.tlog
C:\Users\Ashkan\Documents\Visual Studio 2012\Projects\CS535_Program2\CS535_Program2\Debug\CL.write.1.tlog
C:\Users\Ashkan\Documents\Visual Studio 2012\Projects\CS535_Program2\CS535_Program2\Debug\link-cvtres.read.1.tlog
C:\Users\Ashkan\Documents\Visual Studio 2012\Projects\CS535_Program2\CS535_Program2\Debug\link-cvtres.write.1.tlog
C:\Users\Ashkan\Documents\Visual Studio 2012\Projects\CS535_Program2\CS535_Program2\Debug\link-rc.read.1.tlog
C:\Users\Ashkan\Documents\Visual Studio 2012\Projects\CS535_Program2\CS535_Program2\Debug\link-rc.write.1.tlog
C:\Users\Ashkan\Documents\Visual Studio 2012\Projects\CS535_Program2\CS535_Program2\Debug\link.3388-cvtres.read.1.tlog
C:\Users\Ashkan\Documents\Visual Studio 2012\Projects\CS535_Program2\CS535_Program2\Debug\link.3388-cvtres.write.1.tlog
C:\Users\Ashkan\Documents\Visual Studio 2012\Projects\CS535_Program2\CS535_Program2\Debug\link.3388-rc.read.1.tlog
C:\Users\Ashkan\Documents\Visual Studio 2012\Projects\CS535_Program2\CS535_Program2\Debug\link.3388-rc.write.1.tlog
C:\Users\Ashkan\Documents\Visual Studio 2012\Projects\CS535_Program2\CS535_Program2\Debug\link.3388.read.1.tlog
C:\Users\Ashkan\Documents\Visual Studio 2012\Projects\CS535_Program2\CS535_Program2\Debug\link.3388.write.1.tlog
C:\Users\Ashkan\Documents\Visual Studio 2012\Projects\CS535_Program2\CS535_Program2\Debug\link.3416-cvtres.read.1.tlog
C:\Users\Ashkan\Documents\Visual Studio 2012\Projects\CS535_Program2\CS535_Program2\Debug\link.3416-cvtres.write.1.tlog
C:\Users\Ashkan\Documents\Visual Studio 2012\Projects\CS535_Program2\CS535_Program2\Debug\link.3416-rc.read.1.tlog
C:\Users\Ashkan\Documents\Visual Studio 2012\Projects\CS535_Program2\CS535_Program2\Debug\link.3416-rc.write.1.tlog
C:\Users\Ashkan\Documents\Visual Studio 2012\Projects\CS535_Program2\CS535_Program2\Debug\link.3416.read.1.tlog
C:\Users\Ashkan\Documents\Visual Studio 2012\Projects\CS535_Program2\CS535_Program2\Debug\link.3416.write.1.tlog
C:\Users\Ashkan\Documents\Visual Studio 2012\Projects\CS535_Program2\CS535_Program2\Debug\link.4488-cvtres.read.1.tlog
C:\Users\Ashkan\Documents\Visual Studio 2012\Projects\CS535_Program2\CS535_Program2\Debug\link.4488-cvtres.write.1.tlog
C:\Users\Ashkan\Documents\Visual Studio 2012\Projects\CS535_Program2\CS535_Program2\Debug\link.4488-rc.read.1.tlog
C:\Users\Ashkan\Documents\Visual Studio 2012\Projects\CS535_Program2\CS535_Program2\Debug\link.4488-rc.write.1.tlog
C:\Users\Ashkan\Documents\Visual Studio 2012\Projects\CS535_Program2\CS535_Program2\Debug\link.4488.read.1.tlog
C:\Users\Ashkan\Documents\Visual Studio 2012\Projects\CS535_Program2\CS535_Program2\Debug\link.4488.write.1.tlog
C:\Users\Ashkan\Documents\Visual Studio 2012\Projects\CS535_Program2\CS535_Program2\Debug\link.7184-cvtres.read.1.tlog
C:\Users\Ashkan\Documents\Visual Studio 2012\Projects\CS535_Program2\CS535_Program2\Debug\link.7184-cvtres.write.1.tlog
C:\Users\Ashkan\Documents\Visual Studio 2012\Projects\CS535_Program2\CS535_Program2\Debug\link.7184-rc.read.1.tlog
C:\Users\Ashkan\Documents\Visual Studio 2012\Projects\CS535_Program2\CS535_Program2\Debug\link.7184-rc.write.1.tlog
C:\Users\Ashkan\Documents\Visual Studio 2012\Projects\CS535_Program2\CS535_Program2\Debug\link.7184.read.1.tlog
C:\Users\Ashkan\Documents\Visual Studio 2012\Projects\CS535_Program2\CS535_Program2\Debug\link.7184.write.1.tlog
C:\Users\Ashkan\Documents\Visual Studio 2012\Projects\CS535_Program2\CS535_Program2\Debug\link.7304-cvtres.read.1.tlog
C:\Users\Ashkan\Documents\Visual Studio 2012\Projects\CS535_Program2\CS535_Program2\Debug\link.7304-cvtres.write.1.tlog
C:\Users\Ashkan\Documents\Visual Studio 2012\Projects\CS535_Program2\CS535_Program2\Debug\link.7304-rc.read.1.tlog
C:\Users\Ashkan\Documents\Visual Studio 2012\Projects\CS535_Program2\CS535_Program2\Debug\link.7304-rc.write.1.tlog
C:\Users\Ashkan\Documents\Visual Studio 2012\Projects\CS535_Program2\CS535_Program2\Debug\link.7304.read.1.tlog
C:\Users\Ashkan\Documents\Visual Studio 2012\Projects\CS535_Program2\CS535_Program2\Debug\link.7304.write.1.tlog
C:\Users\Ashkan\Documents\Visual Studio 2012\Projects\CS535_Program2\CS535_Program2\Debug\link.command.1.tlog
C:\Users\Ashkan\Documents\Visual Studio 2012\Projects\CS535_Program2\CS535_Program2\Debug\link.read.1.tlog
C:\Users\Ashkan\Documents\Visual Studio 2012\Projects\CS535_Program2\CS535_Program2\Debug\link.write.1.tlog
C:\Users\Ashkan\Documents\Visual Studio 2012\Projects\CS535_Program2\CS535_Program2\Debug\vc110.idb
C:\Users\Ashkan\Documents\Visual Studio 2012\Projects\CS535_Program2\CS535_Program2\Debug\vc110.pdb
C:\Users\Ashkan\Documents\Visual Studio 2012\Projects\CS535_Program2\Debug\CS535_Program2.pdb
C:\Users\Ashkan\Documents\Visual Studio 2012\Projects\CS535_Program2\Debug\CS535_Program2.exe
C:\Users\Ashkan\Documents\Visual Studio 2012\Projects\CS535_Program2\Debug\CS535_Program2.ilk
