C:\USERS\ASHKAN\DOCUMENTS\VISUAL STUDIO 2012\PROJECTS\CS535_PROGRAM3\CS535_PROGRAM2\DEBUG\CONE.OBJ
C:\USERS\ASHKAN\DOCUMENTS\VISUAL STUDIO 2012\PROJECTS\CS535_PROGRAM3\CS535_PROGRAM2\DEBUG\CUBE.OBJ
C:\USERS\ASHKAN\DOCUMENTS\VISUAL STUDIO 2012\PROJECTS\CS535_PROGRAM3\CS535_PROGRAM2\DEBUG\CYLINDER.OBJ
C:\USERS\ASHKAN\DOCUMENTS\VISUAL STUDIO 2012\PROJECTS\CS535_PROGRAM3\CS535_PROGRAM2\DEBUG\MAIN.OBJ
C:\USERS\ASHKAN\DOCUMENTS\VISUAL STUDIO 2012\PROJECTS\CS535_PROGRAM3\CS535_PROGRAM2\DEBUG\PRIMITIVE.OBJ
C:\USERS\ASHKAN\DOCUMENTS\VISUAL STUDIO 2012\PROJECTS\CS535_PROGRAM3\CS535_PROGRAM2\DEBUG\TRIPRIMITIVE.OBJ
C:\USERS\ASHKAN\DOCUMENTS\VISUAL STUDIO 2012\PROJECTS\CS535_PROGRAM3\CS535_PROGRAM2\DEBUG\SPHERE.OBJ
C:\USERS\ASHKAN\DOCUMENTS\VISUAL STUDIO 2012\PROJECTS\CS535_PROGRAM3\CS535_PROGRAM2\DEBUG\SPHERER.OBJ
C:\USERS\ASHKAN\DOCUMENTS\VISUAL STUDIO 2012\PROJECTS\CS535_PROGRAM3\CS535_PROGRAM2\DEBUG\VECTOR3D.OBJ
C:\USERS\ASHKAN\DOCUMENTS\VISUAL STUDIO 2012\PROJECTS\CS535_PROGRAM3\CS535_PROGRAM2\DEBUG\VC110.PDB
C:\USERS\ASHKAN\DOCUMENTS\VISUAL STUDIO 2012\PROJECTS\CS535_PROGRAM3\DEBUG\CS535_PROGRAM3.ILK
C:\USERS\ASHKAN\DOCUMENTS\VISUAL STUDIO 2012\PROJECTS\CS535_PROGRAM3\DEBUG\CS535_PROGRAM3.EXE
C:\USERS\ASHKAN\DOCUMENTS\VISUAL STUDIO 2012\PROJECTS\CS535_PROGRAM3\DEBUG\CS535_PROGRAM3.PDB
C:\Users\Ashkan\Documents\Visual Studio 2012\Projects\CS535_Program3\CS535_Program2\Debug\Cone.obj
C:\Users\Ashkan\Documents\Visual Studio 2012\Projects\CS535_Program3\CS535_Program2\Debug\Cube.obj
C:\Users\Ashkan\Documents\Visual Studio 2012\Projects\CS535_Program3\CS535_Program2\Debug\Cylinder.obj
C:\Users\Ashkan\Documents\Visual Studio 2012\Projects\CS535_Program3\CS535_Program2\Debug\main.obj
C:\Users\Ashkan\Documents\Visual Studio 2012\Projects\CS535_Program3\CS535_Program2\Debug\Primitive.obj
C:\Users\Ashkan\Documents\Visual Studio 2012\Projects\CS535_Program3\CS535_Program2\Debug\Sphere.obj
C:\Users\Ashkan\Documents\Visual Studio 2012\Projects\CS535_Program3\CS535_Program2\Debug\SphereR.obj
C:\Users\Ashkan\Documents\Visual Studio 2012\Projects\CS535_Program3\CS535_Program2\Debug\TriPrimitive.obj
C:\Users\Ashkan\Documents\Visual Studio 2012\Projects\CS535_Program3\CS535_Program2\Debug\Vector3d.obj
C:\Users\Ashkan\Documents\Visual Studio 2012\Projects\CS535_Program3\CS535_Program2\Debug\cl.command.1.tlog
C:\Users\Ashkan\Documents\Visual Studio 2012\Projects\CS535_Program3\CS535_Program2\Debug\CL.read.1.tlog
C:\Users\Ashkan\Documents\Visual Studio 2012\Projects\CS535_Program3\CS535_Program2\Debug\CL.write.1.tlog
C:\Users\Ashkan\Documents\Visual Studio 2012\Projects\CS535_Program3\CS535_Program2\Debug\link-cvtres.read.1.tlog
C:\Users\Ashkan\Documents\Visual Studio 2012\Projects\CS535_Program3\CS535_Program2\Debug\link-cvtres.write.1.tlog
C:\Users\Ashkan\Documents\Visual Studio 2012\Projects\CS535_Program3\CS535_Program2\Debug\link-rc.read.1.tlog
C:\Users\Ashkan\Documents\Visual Studio 2012\Projects\CS535_Program3\CS535_Program2\Debug\link-rc.write.1.tlog
C:\Users\Ashkan\Documents\Visual Studio 2012\Projects\CS535_Program3\CS535_Program2\Debug\link.command.1.tlog
C:\Users\Ashkan\Documents\Visual Studio 2012\Projects\CS535_Program3\CS535_Program2\Debug\link.read.1.tlog
C:\Users\Ashkan\Documents\Visual Studio 2012\Projects\CS535_Program3\CS535_Program2\Debug\link.write.1.tlog
C:\Users\Ashkan\Documents\Visual Studio 2012\Projects\CS535_Program3\CS535_Program2\Debug\vc110.idb
C:\Users\Ashkan\Documents\Visual Studio 2012\Projects\CS535_Program3\CS535_Program2\Debug\vc110.pdb
C:\Users\Ashkan\Documents\Visual Studio 2012\Projects\CS535_Program3\Debug\CS535_Program3.pdb
C:\Users\Ashkan\Documents\Visual Studio 2012\Projects\CS535_Program3\Debug\CS535_Program3.exe
C:\Users\Ashkan\Documents\Visual Studio 2012\Projects\CS535_Program3\Debug\CS535_Program3.ilk
