C:\USERS\ASHKAN\DOCUMENTS\VISUAL STUDIO 2012\PROJECTS\OPENGL_FUN\CS535_PROGRAM2\DEBUG\MAIN.OBJ
C:\USERS\ASHKAN\DOCUMENTS\VISUAL STUDIO 2012\PROJECTS\OPENGL_FUN\CS535_PROGRAM2\DEBUG\VC110.PDB
C:\USERS\ASHKAN\DOCUMENTS\VISUAL STUDIO 2012\PROJECTS\OPENGL_FUN\DEBUG\OPENGL_FUN.ILK
C:\USERS\ASHKAN\DOCUMENTS\VISUAL STUDIO 2012\PROJECTS\OPENGL_FUN\DEBUG\OPENGL_FUN.EXE
C:\USERS\ASHKAN\DOCUMENTS\VISUAL STUDIO 2012\PROJECTS\OPENGL_FUN\DEBUG\OPENGL_FUN.PDB
C:\Users\Ashkan\Documents\Visual Studio 2012\Projects\Opengl_Fun\CS535_Program2\Debug\main.obj
C:\Users\Ashkan\Documents\Visual Studio 2012\Projects\Opengl_Fun\CS535_Program2\Debug\cl.command.1.tlog
C:\Users\Ashkan\Documents\Visual Studio 2012\Projects\Opengl_Fun\CS535_Program2\Debug\CL.read.1.tlog
C:\Users\Ashkan\Documents\Visual Studio 2012\Projects\Opengl_Fun\CS535_Program2\Debug\CL.write.1.tlog
C:\Users\Ashkan\Documents\Visual Studio 2012\Projects\Opengl_Fun\CS535_Program2\Debug\link-cvtres.read.1.tlog
C:\Users\Ashkan\Documents\Visual Studio 2012\Projects\Opengl_Fun\CS535_Program2\Debug\link-cvtres.write.1.tlog
C:\Users\Ashkan\Documents\Visual Studio 2012\Projects\Opengl_Fun\CS535_Program2\Debug\link-rc.read.1.tlog
C:\Users\Ashkan\Documents\Visual Studio 2012\Projects\Opengl_Fun\CS535_Program2\Debug\link-rc.write.1.tlog
C:\Users\Ashkan\Documents\Visual Studio 2012\Projects\Opengl_Fun\CS535_Program2\Debug\link.7820-cvtres.read.1.tlog
C:\Users\Ashkan\Documents\Visual Studio 2012\Projects\Opengl_Fun\CS535_Program2\Debug\link.7820-cvtres.write.1.tlog
C:\Users\Ashkan\Documents\Visual Studio 2012\Projects\Opengl_Fun\CS535_Program2\Debug\link.7820-rc.read.1.tlog
C:\Users\Ashkan\Documents\Visual Studio 2012\Projects\Opengl_Fun\CS535_Program2\Debug\link.7820-rc.write.1.tlog
C:\Users\Ashkan\Documents\Visual Studio 2012\Projects\Opengl_Fun\CS535_Program2\Debug\link.7820.read.1.tlog
C:\Users\Ashkan\Documents\Visual Studio 2012\Projects\Opengl_Fun\CS535_Program2\Debug\link.7820.write.1.tlog
C:\Users\Ashkan\Documents\Visual Studio 2012\Projects\Opengl_Fun\CS535_Program2\Debug\link.7872-cvtres.read.1.tlog
C:\Users\Ashkan\Documents\Visual Studio 2012\Projects\Opengl_Fun\CS535_Program2\Debug\link.7872-cvtres.write.1.tlog
C:\Users\Ashkan\Documents\Visual Studio 2012\Projects\Opengl_Fun\CS535_Program2\Debug\link.7872-rc.read.1.tlog
C:\Users\Ashkan\Documents\Visual Studio 2012\Projects\Opengl_Fun\CS535_Program2\Debug\link.7872-rc.write.1.tlog
C:\Users\Ashkan\Documents\Visual Studio 2012\Projects\Opengl_Fun\CS535_Program2\Debug\link.7872.read.1.tlog
C:\Users\Ashkan\Documents\Visual Studio 2012\Projects\Opengl_Fun\CS535_Program2\Debug\link.7872.write.1.tlog
C:\Users\Ashkan\Documents\Visual Studio 2012\Projects\Opengl_Fun\CS535_Program2\Debug\link.command.1.tlog
C:\Users\Ashkan\Documents\Visual Studio 2012\Projects\Opengl_Fun\CS535_Program2\Debug\link.read.1.tlog
C:\Users\Ashkan\Documents\Visual Studio 2012\Projects\Opengl_Fun\CS535_Program2\Debug\link.write.1.tlog
C:\Users\Ashkan\Documents\Visual Studio 2012\Projects\Opengl_Fun\CS535_Program2\Debug\vc110.idb
C:\Users\Ashkan\Documents\Visual Studio 2012\Projects\Opengl_Fun\CS535_Program2\Debug\vc110.pdb
