C:\USERS\ASHKAN\DOCUMENTS\VISUAL STUDIO 11\PROJECTS\DIRECTX - PART 2\CHAPTER 5\COLORED CUBE\DEBUG\BOX.OBJ
C:\Users\Ashkan\Documents\Visual Studio 11\Projects\DirectX - Part 2\Chapter 5\Colored Cube\Debug\cl.command.1.tlog
C:\Users\Ashkan\Documents\Visual Studio 11\Projects\DirectX - Part 2\Chapter 5\Colored Cube\Debug\CL.read.1.tlog
C:\Users\Ashkan\Documents\Visual Studio 11\Projects\DirectX - Part 2\Chapter 5\Colored Cube\Debug\CL.write.1.tlog
C:\USERS\ASHKAN\DOCUMENTS\VISUAL STUDIO 11\PROJECTS\DIRECTX - PART 2\CHAPTER 5\COLORED CUBE\DEBUG\COLORED CUBE APP.OBJ
C:\USERS\ASHKAN\DOCUMENTS\VISUAL STUDIO 11\PROJECTS\DIRECTX - PART 2\CHAPTER 5\COLORED CUBE\DEBUG\COLORED CUBE.EXE
C:\USERS\ASHKAN\DOCUMENTS\VISUAL STUDIO 11\PROJECTS\DIRECTX - PART 2\CHAPTER 5\COLORED CUBE\DEBUG\COLORED CUBE.EXE.EMBED.MANIFEST
C:\USERS\ASHKAN\DOCUMENTS\VISUAL STUDIO 11\PROJECTS\DIRECTX - PART 2\CHAPTER 5\COLORED CUBE\DEBUG\COLORED CUBE.EXE.EMBED.MANIFEST.RES
C:\USERS\ASHKAN\DOCUMENTS\VISUAL STUDIO 11\PROJECTS\DIRECTX - PART 2\CHAPTER 5\COLORED CUBE\DEBUG\COLORED CUBE.EXE.INTERMEDIATE.MANIFEST
C:\USERS\ASHKAN\DOCUMENTS\VISUAL STUDIO 11\PROJECTS\DIRECTX - PART 2\CHAPTER 5\COLORED CUBE\DEBUG\COLORED CUBE.ILK
C:\USERS\ASHKAN\DOCUMENTS\VISUAL STUDIO 11\PROJECTS\DIRECTX - PART 2\CHAPTER 5\COLORED CUBE\DEBUG\COLORED CUBE.PDB
C:\Users\Ashkan\Documents\Visual Studio 11\Projects\DirectX - Part 2\Chapter 5\Colored Cube\Debug\Colored Cube.vcxprojResolveAssemblyReference.cache
C:\Users\Ashkan\Documents\Visual Studio 11\Projects\DirectX - Part 2\Chapter 5\Colored Cube\Debug\Colored Cube.write.1.tlog
C:\Users\Ashkan\Documents\Visual Studio 11\Projects\DirectX - Part 2\Chapter 5\Colored Cube\Debug\Colored Cube_manifest.rc
C:\USERS\ASHKAN\DOCUMENTS\VISUAL STUDIO 11\PROJECTS\DIRECTX - PART 2\CHAPTER 5\COLORED CUBE\DEBUG\D3DAPP.OBJ
C:\USERS\ASHKAN\DOCUMENTS\VISUAL STUDIO 11\PROJECTS\DIRECTX - PART 2\CHAPTER 5\COLORED CUBE\DEBUG\EFFECTS.OBJ
C:\USERS\ASHKAN\DOCUMENTS\VISUAL STUDIO 11\PROJECTS\DIRECTX - PART 2\CHAPTER 5\COLORED CUBE\DEBUG\GAMETIMER.OBJ
C:\Users\Ashkan\Documents\Visual Studio 11\Projects\DirectX - Part 2\Chapter 5\Colored Cube\Debug\link.2236.read.1.tlog
C:\Users\Ashkan\Documents\Visual Studio 11\Projects\DirectX - Part 2\Chapter 5\Colored Cube\Debug\link.2236.write.1.tlog
C:\Users\Ashkan\Documents\Visual Studio 11\Projects\DirectX - Part 2\Chapter 5\Colored Cube\Debug\link.2236-cvtres.read.1.tlog
C:\Users\Ashkan\Documents\Visual Studio 11\Projects\DirectX - Part 2\Chapter 5\Colored Cube\Debug\link.2236-cvtres.write.1.tlog
C:\Users\Ashkan\Documents\Visual Studio 11\Projects\DirectX - Part 2\Chapter 5\Colored Cube\Debug\link.3892.read.1.tlog
C:\Users\Ashkan\Documents\Visual Studio 11\Projects\DirectX - Part 2\Chapter 5\Colored Cube\Debug\link.3892.write.1.tlog
C:\Users\Ashkan\Documents\Visual Studio 11\Projects\DirectX - Part 2\Chapter 5\Colored Cube\Debug\link.3892-cvtres.read.1.tlog
C:\Users\Ashkan\Documents\Visual Studio 11\Projects\DirectX - Part 2\Chapter 5\Colored Cube\Debug\link.3892-cvtres.write.1.tlog
C:\Users\Ashkan\Documents\Visual Studio 11\Projects\DirectX - Part 2\Chapter 5\Colored Cube\Debug\link.4572.read.1.tlog
C:\Users\Ashkan\Documents\Visual Studio 11\Projects\DirectX - Part 2\Chapter 5\Colored Cube\Debug\link.4572.write.1.tlog
C:\Users\Ashkan\Documents\Visual Studio 11\Projects\DirectX - Part 2\Chapter 5\Colored Cube\Debug\link.4572-cvtres.read.1.tlog
C:\Users\Ashkan\Documents\Visual Studio 11\Projects\DirectX - Part 2\Chapter 5\Colored Cube\Debug\link.4572-cvtres.write.1.tlog
C:\Users\Ashkan\Documents\Visual Studio 11\Projects\DirectX - Part 2\Chapter 5\Colored Cube\Debug\link.4576.read.1.tlog
C:\Users\Ashkan\Documents\Visual Studio 11\Projects\DirectX - Part 2\Chapter 5\Colored Cube\Debug\link.4576.write.1.tlog
C:\Users\Ashkan\Documents\Visual Studio 11\Projects\DirectX - Part 2\Chapter 5\Colored Cube\Debug\link.4576-cvtres.read.1.tlog
C:\Users\Ashkan\Documents\Visual Studio 11\Projects\DirectX - Part 2\Chapter 5\Colored Cube\Debug\link.4576-cvtres.write.1.tlog
C:\Users\Ashkan\Documents\Visual Studio 11\Projects\DirectX - Part 2\Chapter 5\Colored Cube\Debug\link.4624.read.1.tlog
C:\Users\Ashkan\Documents\Visual Studio 11\Projects\DirectX - Part 2\Chapter 5\Colored Cube\Debug\link.4624.write.1.tlog
C:\Users\Ashkan\Documents\Visual Studio 11\Projects\DirectX - Part 2\Chapter 5\Colored Cube\Debug\link.4624-cvtres.read.1.tlog
C:\Users\Ashkan\Documents\Visual Studio 11\Projects\DirectX - Part 2\Chapter 5\Colored Cube\Debug\link.4624-cvtres.write.1.tlog
C:\Users\Ashkan\Documents\Visual Studio 11\Projects\DirectX - Part 2\Chapter 5\Colored Cube\Debug\link.4736.read.1.tlog
C:\Users\Ashkan\Documents\Visual Studio 11\Projects\DirectX - Part 2\Chapter 5\Colored Cube\Debug\link.4736.write.1.tlog
C:\Users\Ashkan\Documents\Visual Studio 11\Projects\DirectX - Part 2\Chapter 5\Colored Cube\Debug\link.4736-cvtres.read.1.tlog
C:\Users\Ashkan\Documents\Visual Studio 11\Projects\DirectX - Part 2\Chapter 5\Colored Cube\Debug\link.4736-cvtres.write.1.tlog
C:\Users\Ashkan\Documents\Visual Studio 11\Projects\DirectX - Part 2\Chapter 5\Colored Cube\Debug\link.4764.read.1.tlog
C:\Users\Ashkan\Documents\Visual Studio 11\Projects\DirectX - Part 2\Chapter 5\Colored Cube\Debug\link.4764.write.1.tlog
C:\Users\Ashkan\Documents\Visual Studio 11\Projects\DirectX - Part 2\Chapter 5\Colored Cube\Debug\link.4764-cvtres.read.1.tlog
C:\Users\Ashkan\Documents\Visual Studio 11\Projects\DirectX - Part 2\Chapter 5\Colored Cube\Debug\link.4764-cvtres.write.1.tlog
C:\Users\Ashkan\Documents\Visual Studio 11\Projects\DirectX - Part 2\Chapter 5\Colored Cube\Debug\link.4876.read.1.tlog
C:\Users\Ashkan\Documents\Visual Studio 11\Projects\DirectX - Part 2\Chapter 5\Colored Cube\Debug\link.4876.write.1.tlog
C:\Users\Ashkan\Documents\Visual Studio 11\Projects\DirectX - Part 2\Chapter 5\Colored Cube\Debug\link.4876-cvtres.read.1.tlog
C:\Users\Ashkan\Documents\Visual Studio 11\Projects\DirectX - Part 2\Chapter 5\Colored Cube\Debug\link.4876-cvtres.write.1.tlog
C:\Users\Ashkan\Documents\Visual Studio 11\Projects\DirectX - Part 2\Chapter 5\Colored Cube\Debug\link.5156.read.1.tlog
C:\Users\Ashkan\Documents\Visual Studio 11\Projects\DirectX - Part 2\Chapter 5\Colored Cube\Debug\link.5156.write.1.tlog
C:\Users\Ashkan\Documents\Visual Studio 11\Projects\DirectX - Part 2\Chapter 5\Colored Cube\Debug\link.5156-cvtres.read.1.tlog
C:\Users\Ashkan\Documents\Visual Studio 11\Projects\DirectX - Part 2\Chapter 5\Colored Cube\Debug\link.5156-cvtres.write.1.tlog
C:\Users\Ashkan\Documents\Visual Studio 11\Projects\DirectX - Part 2\Chapter 5\Colored Cube\Debug\link.5228.read.1.tlog
C:\Users\Ashkan\Documents\Visual Studio 11\Projects\DirectX - Part 2\Chapter 5\Colored Cube\Debug\link.5228.write.1.tlog
C:\Users\Ashkan\Documents\Visual Studio 11\Projects\DirectX - Part 2\Chapter 5\Colored Cube\Debug\link.5228-cvtres.read.1.tlog
C:\Users\Ashkan\Documents\Visual Studio 11\Projects\DirectX - Part 2\Chapter 5\Colored Cube\Debug\link.5228-cvtres.write.1.tlog
C:\Users\Ashkan\Documents\Visual Studio 11\Projects\DirectX - Part 2\Chapter 5\Colored Cube\Debug\link.5360.read.1.tlog
C:\Users\Ashkan\Documents\Visual Studio 11\Projects\DirectX - Part 2\Chapter 5\Colored Cube\Debug\link.5360.write.1.tlog
C:\Users\Ashkan\Documents\Visual Studio 11\Projects\DirectX - Part 2\Chapter 5\Colored Cube\Debug\link.5360-cvtres.read.1.tlog
C:\Users\Ashkan\Documents\Visual Studio 11\Projects\DirectX - Part 2\Chapter 5\Colored Cube\Debug\link.5360-cvtres.write.1.tlog
C:\Users\Ashkan\Documents\Visual Studio 11\Projects\DirectX - Part 2\Chapter 5\Colored Cube\Debug\link.5468.read.1.tlog
C:\Users\Ashkan\Documents\Visual Studio 11\Projects\DirectX - Part 2\Chapter 5\Colored Cube\Debug\link.5468.write.1.tlog
C:\Users\Ashkan\Documents\Visual Studio 11\Projects\DirectX - Part 2\Chapter 5\Colored Cube\Debug\link.5468-cvtres.read.1.tlog
C:\Users\Ashkan\Documents\Visual Studio 11\Projects\DirectX - Part 2\Chapter 5\Colored Cube\Debug\link.5468-cvtres.write.1.tlog
C:\Users\Ashkan\Documents\Visual Studio 11\Projects\DirectX - Part 2\Chapter 5\Colored Cube\Debug\link.5472.read.1.tlog
C:\Users\Ashkan\Documents\Visual Studio 11\Projects\DirectX - Part 2\Chapter 5\Colored Cube\Debug\link.5472.write.1.tlog
C:\Users\Ashkan\Documents\Visual Studio 11\Projects\DirectX - Part 2\Chapter 5\Colored Cube\Debug\link.5472-cvtres.read.1.tlog
C:\Users\Ashkan\Documents\Visual Studio 11\Projects\DirectX - Part 2\Chapter 5\Colored Cube\Debug\link.5472-cvtres.write.1.tlog
C:\Users\Ashkan\Documents\Visual Studio 11\Projects\DirectX - Part 2\Chapter 5\Colored Cube\Debug\link.5668.read.1.tlog
C:\Users\Ashkan\Documents\Visual Studio 11\Projects\DirectX - Part 2\Chapter 5\Colored Cube\Debug\link.5668.write.1.tlog
C:\Users\Ashkan\Documents\Visual Studio 11\Projects\DirectX - Part 2\Chapter 5\Colored Cube\Debug\link.5668-cvtres.read.1.tlog
C:\Users\Ashkan\Documents\Visual Studio 11\Projects\DirectX - Part 2\Chapter 5\Colored Cube\Debug\link.5668-cvtres.write.1.tlog
C:\Users\Ashkan\Documents\Visual Studio 11\Projects\DirectX - Part 2\Chapter 5\Colored Cube\Debug\link.5784.read.1.tlog
C:\Users\Ashkan\Documents\Visual Studio 11\Projects\DirectX - Part 2\Chapter 5\Colored Cube\Debug\link.5784.write.1.tlog
C:\Users\Ashkan\Documents\Visual Studio 11\Projects\DirectX - Part 2\Chapter 5\Colored Cube\Debug\link.5784-cvtres.read.1.tlog
C:\Users\Ashkan\Documents\Visual Studio 11\Projects\DirectX - Part 2\Chapter 5\Colored Cube\Debug\link.5784-cvtres.write.1.tlog
C:\Users\Ashkan\Documents\Visual Studio 11\Projects\DirectX - Part 2\Chapter 5\Colored Cube\Debug\link.5900.read.1.tlog
C:\Users\Ashkan\Documents\Visual Studio 11\Projects\DirectX - Part 2\Chapter 5\Colored Cube\Debug\link.5900.write.1.tlog
C:\Users\Ashkan\Documents\Visual Studio 11\Projects\DirectX - Part 2\Chapter 5\Colored Cube\Debug\link.5900-cvtres.read.1.tlog
C:\Users\Ashkan\Documents\Visual Studio 11\Projects\DirectX - Part 2\Chapter 5\Colored Cube\Debug\link.5900-cvtres.write.1.tlog
C:\Users\Ashkan\Documents\Visual Studio 11\Projects\DirectX - Part 2\Chapter 5\Colored Cube\Debug\link.5936.read.1.tlog
C:\Users\Ashkan\Documents\Visual Studio 11\Projects\DirectX - Part 2\Chapter 5\Colored Cube\Debug\link.5936.write.1.tlog
C:\Users\Ashkan\Documents\Visual Studio 11\Projects\DirectX - Part 2\Chapter 5\Colored Cube\Debug\link.5936-cvtres.read.1.tlog
C:\Users\Ashkan\Documents\Visual Studio 11\Projects\DirectX - Part 2\Chapter 5\Colored Cube\Debug\link.5936-cvtres.write.1.tlog
C:\Users\Ashkan\Documents\Visual Studio 11\Projects\DirectX - Part 2\Chapter 5\Colored Cube\Debug\link.6024.read.1.tlog
C:\Users\Ashkan\Documents\Visual Studio 11\Projects\DirectX - Part 2\Chapter 5\Colored Cube\Debug\link.6024.write.1.tlog
C:\Users\Ashkan\Documents\Visual Studio 11\Projects\DirectX - Part 2\Chapter 5\Colored Cube\Debug\link.6024-cvtres.read.1.tlog
C:\Users\Ashkan\Documents\Visual Studio 11\Projects\DirectX - Part 2\Chapter 5\Colored Cube\Debug\link.6024-cvtres.write.1.tlog
C:\Users\Ashkan\Documents\Visual Studio 11\Projects\DirectX - Part 2\Chapter 5\Colored Cube\Debug\link.6476.read.1.tlog
C:\Users\Ashkan\Documents\Visual Studio 11\Projects\DirectX - Part 2\Chapter 5\Colored Cube\Debug\link.6476.write.1.tlog
C:\Users\Ashkan\Documents\Visual Studio 11\Projects\DirectX - Part 2\Chapter 5\Colored Cube\Debug\link.6476-cvtres.read.1.tlog
C:\Users\Ashkan\Documents\Visual Studio 11\Projects\DirectX - Part 2\Chapter 5\Colored Cube\Debug\link.6476-cvtres.write.1.tlog
C:\Users\Ashkan\Documents\Visual Studio 11\Projects\DirectX - Part 2\Chapter 5\Colored Cube\Debug\link.6572.read.1.tlog
C:\Users\Ashkan\Documents\Visual Studio 11\Projects\DirectX - Part 2\Chapter 5\Colored Cube\Debug\link.6572.write.1.tlog
C:\Users\Ashkan\Documents\Visual Studio 11\Projects\DirectX - Part 2\Chapter 5\Colored Cube\Debug\link.6572-cvtres.read.1.tlog
C:\Users\Ashkan\Documents\Visual Studio 11\Projects\DirectX - Part 2\Chapter 5\Colored Cube\Debug\link.6572-cvtres.write.1.tlog
C:\Users\Ashkan\Documents\Visual Studio 11\Projects\DirectX - Part 2\Chapter 5\Colored Cube\Debug\link.6752.read.1.tlog
C:\Users\Ashkan\Documents\Visual Studio 11\Projects\DirectX - Part 2\Chapter 5\Colored Cube\Debug\link.6752.write.1.tlog
C:\Users\Ashkan\Documents\Visual Studio 11\Projects\DirectX - Part 2\Chapter 5\Colored Cube\Debug\link.6752-cvtres.read.1.tlog
C:\Users\Ashkan\Documents\Visual Studio 11\Projects\DirectX - Part 2\Chapter 5\Colored Cube\Debug\link.6752-cvtres.write.1.tlog
C:\Users\Ashkan\Documents\Visual Studio 11\Projects\DirectX - Part 2\Chapter 5\Colored Cube\Debug\link.7268.read.1.tlog
C:\Users\Ashkan\Documents\Visual Studio 11\Projects\DirectX - Part 2\Chapter 5\Colored Cube\Debug\link.7268.write.1.tlog
C:\Users\Ashkan\Documents\Visual Studio 11\Projects\DirectX - Part 2\Chapter 5\Colored Cube\Debug\link.7268-cvtres.read.1.tlog
C:\Users\Ashkan\Documents\Visual Studio 11\Projects\DirectX - Part 2\Chapter 5\Colored Cube\Debug\link.7268-cvtres.write.1.tlog
C:\Users\Ashkan\Documents\Visual Studio 11\Projects\DirectX - Part 2\Chapter 5\Colored Cube\Debug\link.7284.read.1.tlog
C:\Users\Ashkan\Documents\Visual Studio 11\Projects\DirectX - Part 2\Chapter 5\Colored Cube\Debug\link.7284.write.1.tlog
C:\Users\Ashkan\Documents\Visual Studio 11\Projects\DirectX - Part 2\Chapter 5\Colored Cube\Debug\link.7284-cvtres.read.1.tlog
C:\Users\Ashkan\Documents\Visual Studio 11\Projects\DirectX - Part 2\Chapter 5\Colored Cube\Debug\link.7284-cvtres.write.1.tlog
C:\Users\Ashkan\Documents\Visual Studio 11\Projects\DirectX - Part 2\Chapter 5\Colored Cube\Debug\link.7292.read.1.tlog
C:\Users\Ashkan\Documents\Visual Studio 11\Projects\DirectX - Part 2\Chapter 5\Colored Cube\Debug\link.7292.write.1.tlog
C:\Users\Ashkan\Documents\Visual Studio 11\Projects\DirectX - Part 2\Chapter 5\Colored Cube\Debug\link.7292-cvtres.read.1.tlog
C:\Users\Ashkan\Documents\Visual Studio 11\Projects\DirectX - Part 2\Chapter 5\Colored Cube\Debug\link.7292-cvtres.write.1.tlog
C:\Users\Ashkan\Documents\Visual Studio 11\Projects\DirectX - Part 2\Chapter 5\Colored Cube\Debug\link.7300.read.1.tlog
C:\Users\Ashkan\Documents\Visual Studio 11\Projects\DirectX - Part 2\Chapter 5\Colored Cube\Debug\link.7300.write.1.tlog
C:\Users\Ashkan\Documents\Visual Studio 11\Projects\DirectX - Part 2\Chapter 5\Colored Cube\Debug\link.7300-cvtres.read.1.tlog
C:\Users\Ashkan\Documents\Visual Studio 11\Projects\DirectX - Part 2\Chapter 5\Colored Cube\Debug\link.7300-cvtres.write.1.tlog
C:\Users\Ashkan\Documents\Visual Studio 11\Projects\DirectX - Part 2\Chapter 5\Colored Cube\Debug\link.7308.read.1.tlog
C:\Users\Ashkan\Documents\Visual Studio 11\Projects\DirectX - Part 2\Chapter 5\Colored Cube\Debug\link.7308.write.1.tlog
C:\Users\Ashkan\Documents\Visual Studio 11\Projects\DirectX - Part 2\Chapter 5\Colored Cube\Debug\link.7308-cvtres.read.1.tlog
C:\Users\Ashkan\Documents\Visual Studio 11\Projects\DirectX - Part 2\Chapter 5\Colored Cube\Debug\link.7308-cvtres.write.1.tlog
C:\Users\Ashkan\Documents\Visual Studio 11\Projects\DirectX - Part 2\Chapter 5\Colored Cube\Debug\link.7360.read.1.tlog
C:\Users\Ashkan\Documents\Visual Studio 11\Projects\DirectX - Part 2\Chapter 5\Colored Cube\Debug\link.7360.write.1.tlog
C:\Users\Ashkan\Documents\Visual Studio 11\Projects\DirectX - Part 2\Chapter 5\Colored Cube\Debug\link.7360-cvtres.read.1.tlog
C:\Users\Ashkan\Documents\Visual Studio 11\Projects\DirectX - Part 2\Chapter 5\Colored Cube\Debug\link.7360-cvtres.write.1.tlog
C:\Users\Ashkan\Documents\Visual Studio 11\Projects\DirectX - Part 2\Chapter 5\Colored Cube\Debug\link.7408.read.1.tlog
C:\Users\Ashkan\Documents\Visual Studio 11\Projects\DirectX - Part 2\Chapter 5\Colored Cube\Debug\link.7408.write.1.tlog
C:\Users\Ashkan\Documents\Visual Studio 11\Projects\DirectX - Part 2\Chapter 5\Colored Cube\Debug\link.7408-cvtres.read.1.tlog
C:\Users\Ashkan\Documents\Visual Studio 11\Projects\DirectX - Part 2\Chapter 5\Colored Cube\Debug\link.7408-cvtres.write.1.tlog
C:\Users\Ashkan\Documents\Visual Studio 11\Projects\DirectX - Part 2\Chapter 5\Colored Cube\Debug\link.7476.read.1.tlog
C:\Users\Ashkan\Documents\Visual Studio 11\Projects\DirectX - Part 2\Chapter 5\Colored Cube\Debug\link.7476.write.1.tlog
C:\Users\Ashkan\Documents\Visual Studio 11\Projects\DirectX - Part 2\Chapter 5\Colored Cube\Debug\link.7476-cvtres.read.1.tlog
C:\Users\Ashkan\Documents\Visual Studio 11\Projects\DirectX - Part 2\Chapter 5\Colored Cube\Debug\link.7476-cvtres.write.1.tlog
C:\Users\Ashkan\Documents\Visual Studio 11\Projects\DirectX - Part 2\Chapter 5\Colored Cube\Debug\link.7920.read.1.tlog
C:\Users\Ashkan\Documents\Visual Studio 11\Projects\DirectX - Part 2\Chapter 5\Colored Cube\Debug\link.7920.write.1.tlog
C:\Users\Ashkan\Documents\Visual Studio 11\Projects\DirectX - Part 2\Chapter 5\Colored Cube\Debug\link.7920-cvtres.read.1.tlog
C:\Users\Ashkan\Documents\Visual Studio 11\Projects\DirectX - Part 2\Chapter 5\Colored Cube\Debug\link.7920-cvtres.write.1.tlog
C:\Users\Ashkan\Documents\Visual Studio 11\Projects\DirectX - Part 2\Chapter 5\Colored Cube\Debug\link.7984.read.1.tlog
C:\Users\Ashkan\Documents\Visual Studio 11\Projects\DirectX - Part 2\Chapter 5\Colored Cube\Debug\link.7984.write.1.tlog
C:\Users\Ashkan\Documents\Visual Studio 11\Projects\DirectX - Part 2\Chapter 5\Colored Cube\Debug\link.7984-cvtres.read.1.tlog
C:\Users\Ashkan\Documents\Visual Studio 11\Projects\DirectX - Part 2\Chapter 5\Colored Cube\Debug\link.7984-cvtres.write.1.tlog
C:\Users\Ashkan\Documents\Visual Studio 11\Projects\DirectX - Part 2\Chapter 5\Colored Cube\Debug\link.8056.read.1.tlog
C:\Users\Ashkan\Documents\Visual Studio 11\Projects\DirectX - Part 2\Chapter 5\Colored Cube\Debug\link.8056.write.1.tlog
C:\Users\Ashkan\Documents\Visual Studio 11\Projects\DirectX - Part 2\Chapter 5\Colored Cube\Debug\link.8056-cvtres.read.1.tlog
C:\Users\Ashkan\Documents\Visual Studio 11\Projects\DirectX - Part 2\Chapter 5\Colored Cube\Debug\link.8056-cvtres.write.1.tlog
C:\Users\Ashkan\Documents\Visual Studio 11\Projects\DirectX - Part 2\Chapter 5\Colored Cube\Debug\link.8168.read.1.tlog
C:\Users\Ashkan\Documents\Visual Studio 11\Projects\DirectX - Part 2\Chapter 5\Colored Cube\Debug\link.8168.write.1.tlog
C:\Users\Ashkan\Documents\Visual Studio 11\Projects\DirectX - Part 2\Chapter 5\Colored Cube\Debug\link.8168-cvtres.read.1.tlog
C:\Users\Ashkan\Documents\Visual Studio 11\Projects\DirectX - Part 2\Chapter 5\Colored Cube\Debug\link.8168-cvtres.write.1.tlog
C:\Users\Ashkan\Documents\Visual Studio 11\Projects\DirectX - Part 2\Chapter 5\Colored Cube\Debug\link.command.1.tlog
C:\Users\Ashkan\Documents\Visual Studio 11\Projects\DirectX - Part 2\Chapter 5\Colored Cube\Debug\link.read.1.tlog
C:\Users\Ashkan\Documents\Visual Studio 11\Projects\DirectX - Part 2\Chapter 5\Colored Cube\Debug\link.write.1.tlog
C:\Users\Ashkan\Documents\Visual Studio 11\Projects\DirectX - Part 2\Chapter 5\Colored Cube\Debug\link-cvtres.read.1.tlog
C:\Users\Ashkan\Documents\Visual Studio 11\Projects\DirectX - Part 2\Chapter 5\Colored Cube\Debug\link-cvtres.write.1.tlog
C:\USERS\ASHKAN\DOCUMENTS\VISUAL STUDIO 11\PROJECTS\DIRECTX - PART 2\CHAPTER 5\COLORED CUBE\DEBUG\LOADER.OBJ
C:\Users\Ashkan\Documents\Visual Studio 11\Projects\DirectX - Part 2\Chapter 5\Colored Cube\Debug\mt.command.1.tlog
C:\Users\Ashkan\Documents\Visual Studio 11\Projects\DirectX - Part 2\Chapter 5\Colored Cube\Debug\mt.read.1.tlog
C:\Users\Ashkan\Documents\Visual Studio 11\Projects\DirectX - Part 2\Chapter 5\Colored Cube\Debug\mt.write.1.tlog
C:\USERS\ASHKAN\DOCUMENTS\VISUAL STUDIO 11\PROJECTS\DIRECTX - PART 2\CHAPTER 5\COLORED CUBE\DEBUG\OBJECT.OBJ
C:\USERS\ASHKAN\DOCUMENTS\VISUAL STUDIO 11\PROJECTS\DIRECTX - PART 2\CHAPTER 5\COLORED CUBE\DEBUG\PLANE.OBJ
C:\Users\Ashkan\Documents\Visual Studio 11\Projects\DirectX - Part 2\Chapter 5\Colored Cube\Debug\rc.command.1.tlog
C:\Users\Ashkan\Documents\Visual Studio 11\Projects\DirectX - Part 2\Chapter 5\Colored Cube\Debug\rc.read.1.tlog
C:\Users\Ashkan\Documents\Visual Studio 11\Projects\DirectX - Part 2\Chapter 5\Colored Cube\Debug\rc.write.1.tlog
C:\USERS\ASHKAN\DOCUMENTS\VISUAL STUDIO 11\PROJECTS\DIRECTX - PART 2\CHAPTER 5\COLORED CUBE\DEBUG\SKY.OBJ
C:\Users\Ashkan\Documents\Visual Studio 11\Projects\DirectX - Part 2\Chapter 5\Colored Cube\Debug\vc100.idb
C:\USERS\ASHKAN\DOCUMENTS\VISUAL STUDIO 11\PROJECTS\DIRECTX - PART 2\CHAPTER 5\COLORED CUBE\DEBUG\VC100.PDB
C:\Users\Ashkan\Documents\Visual Studio 11\Projects\DirectX - Part 2\Chapter 5\Colored Cube\Debug\vc110.idb
C:\USERS\ASHKAN\DOCUMENTS\VISUAL STUDIO 11\PROJECTS\DIRECTX - PART 2\CHAPTER 5\COLORED CUBE\DEBUG\VC110.PDB
