Build started 7/31/2012 12:05:06 PM.
     1>Project "C:\Users\Ashkan\Documents\Visual Studio 11\Projects\DirectX - Part 2\Chapter 5\Colored Cube\Colored Cube.vcxproj" on node 2 (Build target(s)).
     1>InitializeBuildStatus:
         Creating "Debug\Colored Cube.unsuccessfulbuild" because "AlwaysCreate" was specified.
       ClCompile:
         c:\Program Files (x86)\Microsoft Visual Studio 10.0\VC\bin\CL.exe /c /ZI /nologo /W3 /WX- /Od /Oy- /D WIN32 /D _DEBUG /D _WINDOWS /D _UNICODE /D UNICODE /Gm /EHsc /RTC1 /MDd /GS /fp:precise /Zc:wchar_t /Zc:forScope /Fo"Debug\\" /Fd"Debug\vc100.pdb" /Gd /TP /analyze- /errorReport:prompt "Colored Cube App.cpp" Object.cpp
         Object.cpp
     1>c:\users\ashkan\documents\visual studio 11\projects\directx - part 2\chapter 5\colored cube\object.cpp(51): warning C4018: '<' : signed/unsigned mismatch
     1>c:\users\ashkan\documents\visual studio 11\projects\directx - part 2\chapter 5\colored cube\object.cpp(64): warning C4018: '<' : signed/unsigned mismatch
     1>c:\users\ashkan\documents\visual studio 11\projects\directx - part 2\chapter 5\colored cube\object.cpp(112): warning C4018: '<' : signed/unsigned mismatch
     1>c:\users\ashkan\documents\visual studio 11\projects\directx - part 2\chapter 5\colored cube\object.cpp(252): warning C4018: '<' : signed/unsigned mismatch
         Colored Cube App.cpp
         c:\program files (x86)\microsoft directx sdk (june 2010)\include\dinput.h: DIRECTINPUT_VERSION undefined. Defaulting to version 0x0800
     1>c:\users\ashkan\documents\visual studio 11\projects\directx - part 2\chapter 5\colored cube\colored cube app.cpp(137): warning C4996: 'freopen': This function or variable may be unsafe. Consider using freopen_s instead. To disable deprecation, use _CRT_SECURE_NO_WARNINGS. See online help for details.
                 c:\program files (x86)\microsoft visual studio 10.0\vc\include\stdio.h(249) : see declaration of 'freopen'
         Generating Code...
       ManifestResourceCompile:
         All outputs are up-to-date.
       Link:
         c:\Program Files (x86)\Microsoft Visual Studio 10.0\VC\bin\link.exe /ERRORREPORT:PROMPT /OUT:"C:\Users\Ashkan\Documents\Visual Studio 11\Projects\DirectX - Part 2\Chapter 5\Colored Cube\Debug\Colored Cube.exe" /INCREMENTAL /NOLOGO d3d10.lib d3dx10d.lib dxerr.lib dxguid.lib XInput.lib "fbxsdk-2013.1-mdd.lib" wininet.lib dinput8.lib kernel32.lib user32.lib gdi32.lib winspool.lib comdlg32.lib advapi32.lib shell32.lib ole32.lib oleaut32.lib uuid.lib odbc32.lib odbccp32.lib /MANIFEST /ManifestFile:"Debug\Colored Cube.exe.intermediate.manifest" /MANIFESTUAC:"level='asInvoker' uiAccess='false'" /DEBUG /PDB:"C:\Users\Ashkan\Documents\Visual Studio 11\Projects\DirectX - Part 2\Chapter 5\Colored Cube\Debug\Colored Cube.pdb" /SUBSYSTEM:WINDOWS /TLBID:1 /DYNAMICBASE /NXCOMPAT /IMPLIB:"C:\Users\Ashkan\Documents\Visual Studio 11\Projects\DirectX - Part 2\Chapter 5\Colored Cube\Debug\Colored Cube.lib" /MACHINE:X86 "Debug\Colored Cube.exe.embed.manifest.res"
         Debug\Box.obj
         "Debug\Colored Cube App.obj"
         Debug\d3dApp.obj
         Debug\GameTimer.obj
         Debug\Effects.obj
         Debug\Loader.obj
         Debug\Object.obj
         Debug\Plane.obj
         Debug\Sky.obj
       Manifest:
         C:\Program Files (x86)\Microsoft SDKs\Windows\v7.0A\bin\mt.exe /nologo /verbose /out:"Debug\Colored Cube.exe.embed.manifest" /manifest "Debug\Colored Cube.exe.intermediate.manifest"
         All outputs are up-to-date.
       LinkEmbedManifest:
         All outputs are up-to-date.
         Colored Cube.vcxproj -> C:\Users\Ashkan\Documents\Visual Studio 11\Projects\DirectX - Part 2\Chapter 5\Colored Cube\Debug\Colored Cube.exe
       FinalizeBuildStatus:
         Deleting file "Debug\Colored Cube.unsuccessfulbuild".
         Touching "Debug\Colored Cube.lastbuildstate".
     1>Done Building Project "C:\Users\Ashkan\Documents\Visual Studio 11\Projects\DirectX - Part 2\Chapter 5\Colored Cube\Colored Cube.vcxproj" (Build target(s)).

Build succeeded.

Time Elapsed 00:00:07.84
