C:\USERS\ASHKAN\DOCUMENTS\VISUAL STUDIO 2012\PROJECTS\MANDELBROT_OPENGL\CS535_PROGRAM2\DEBUG\MAIN.OBJ
C:\USERS\ASHKAN\DOCUMENTS\VISUAL STUDIO 2012\PROJECTS\MANDELBROT_OPENGL\CS535_PROGRAM2\DEBUG\VC110.PDB
C:\USERS\ASHKAN\DOCUMENTS\VISUAL STUDIO 2012\PROJECTS\MANDELBROT_OPENGL\DEBUG\MANDELBROT_OPENGL.ILK
C:\USERS\ASHKAN\DOCUMENTS\VISUAL STUDIO 2012\PROJECTS\MANDELBROT_OPENGL\DEBUG\MANDELBROT_OPENGL.EXE
C:\USERS\ASHKAN\DOCUMENTS\VISUAL STUDIO 2012\PROJECTS\MANDELBROT_OPENGL\DEBUG\MANDELBROT_OPENGL.PDB
C:\Users\Ashkan\Documents\Visual Studio 2012\Projects\Mandelbrot_OpenGL\CS535_Program2\Debug\main.obj
C:\Users\Ashkan\Documents\Visual Studio 2012\Projects\Mandelbrot_OpenGL\CS535_Program2\Debug\cl.command.1.tlog
C:\Users\Ashkan\Documents\Visual Studio 2012\Projects\Mandelbrot_OpenGL\CS535_Program2\Debug\CL.read.1.tlog
C:\Users\Ashkan\Documents\Visual Studio 2012\Projects\Mandelbrot_OpenGL\CS535_Program2\Debug\CL.write.1.tlog
C:\Users\Ashkan\Documents\Visual Studio 2012\Projects\Mandelbrot_OpenGL\CS535_Program2\Debug\link-cvtres.read.1.tlog
C:\Users\Ashkan\Documents\Visual Studio 2012\Projects\Mandelbrot_OpenGL\CS535_Program2\Debug\link-cvtres.write.1.tlog
C:\Users\Ashkan\Documents\Visual Studio 2012\Projects\Mandelbrot_OpenGL\CS535_Program2\Debug\link-rc.read.1.tlog
C:\Users\Ashkan\Documents\Visual Studio 2012\Projects\Mandelbrot_OpenGL\CS535_Program2\Debug\link-rc.write.1.tlog
C:\Users\Ashkan\Documents\Visual Studio 2012\Projects\Mandelbrot_OpenGL\CS535_Program2\Debug\link.command.1.tlog
C:\Users\Ashkan\Documents\Visual Studio 2012\Projects\Mandelbrot_OpenGL\CS535_Program2\Debug\link.read.1.tlog
C:\Users\Ashkan\Documents\Visual Studio 2012\Projects\Mandelbrot_OpenGL\CS535_Program2\Debug\link.write.1.tlog
C:\Users\Ashkan\Documents\Visual Studio 2012\Projects\Mandelbrot_OpenGL\CS535_Program2\Debug\vc110.idb
C:\Users\Ashkan\Documents\Visual Studio 2012\Projects\Mandelbrot_OpenGL\CS535_Program2\Debug\vc110.pdb
C:\Users\Ashkan\Documents\Visual Studio 2012\Projects\Mandelbrot_OpenGL\Debug\Mandelbrot_OpenGL.pdb
C:\Users\Ashkan\Documents\Visual Studio 2012\Projects\Mandelbrot_OpenGL\Debug\Mandelbrot_OpenGL.exe
C:\Users\Ashkan\Documents\Visual Studio 2012\Projects\Mandelbrot_OpenGL\Debug\Mandelbrot_OpenGL.ilk
